{
  "RSpec": {
    "coverage": {
      "/Users/alexakearns/Projects/Week_10/Ruby_Bank_Tech_Test/spec/client_spec.rb": {
        "lines": [
          null,
          null,
          1,
          null,
          1,
          1,
          1,
          null,
          null,
          1,
          1,
          1,
          null,
          null,
          1,
          1,
          null,
          1,
          1,
          null,
          null,
          1,
          1,
          null,
          null,
          1,
          1,
          1,
          1,
          1,
          null,
          null,
          1,
          1,
          1,
          null,
          null,
          1,
          1,
          1,
          null,
          null,
          1,
          1,
          2,
          null,
          null,
          null,
          1,
          0,
          null
        ]
      },
      "/Users/alexakearns/Projects/Week_10/Ruby_Bank_Tech_Test/lib/client.rb": {
        "lines": [
          null,
          null,
          1,
          1,
          null,
          null,
          1,
          1,
          null,
          1,
          9,
          9,
          null,
          null,
          1,
          9,
          9,
          9,
          null,
          null,
          1,
          3,
          3,
          3,
          null,
          null,
          1,
          5,
          5,
          5,
          null,
          null
        ]
      },
      "/Users/alexakearns/Projects/Week_10/Ruby_Bank_Tech_Test/lib/transaction.rb": {
        "lines": [
          null,
          null,
          null,
          1,
          1,
          null,
          1,
          18,
          18,
          18,
          18,
          null,
          null,
          1,
          16,
          null,
          null,
          1,
          null,
          1,
          48,
          null,
          null
        ]
      },
      "/Users/alexakearns/Projects/Week_10/Ruby_Bank_Tech_Test/lib/printer.rb": {
        "lines": [
          null,
          null,
          1,
          null,
          null,
          1,
          1,
          6,
          null,
          null,
          1,
          6,
          null,
          null
        ]
      },
      "/Users/alexakearns/Projects/Week_10/Ruby_Bank_Tech_Test/spec/feature_spec.rb": {
        "lines": [
          null,
          null,
          1,
          null,
          1,
          1,
          null,
          1,
          1,
          1,
          null,
          1,
          null,
          1,
          1,
          1,
          null,
          1,
          1,
          1,
          1,
          null,
          null,
          2,
          2,
          2,
          2,
          null,
          null,
          null
        ]
      },
      "/Users/alexakearns/Projects/Week_10/Ruby_Bank_Tech_Test/spec/printer_spec.rb": {
        "lines": [
          null,
          null,
          1,
          null,
          1,
          1,
          1,
          1,
          1,
          2,
          null,
          null
        ]
      },
      "/Users/alexakearns/Projects/Week_10/Ruby_Bank_Tech_Test/spec/transaction_spec.rb": {
        "lines": [
          null,
          null,
          1,
          null,
          1,
          1,
          1,
          1,
          null,
          null,
          1,
          1,
          1,
          null,
          null,
          1,
          1,
          1,
          null,
          null,
          1,
          1,
          1,
          null,
          null,
          1,
          1,
          1,
          null,
          null,
          1,
          1,
          null,
          1,
          null,
          null,
          null,
          1,
          8,
          null
        ]
      }
    },
    "timestamp": 1590068966
  }
}
