{
  "RSpec": {
    "coverage": {
      "/Users/alexakearns/Projects/Week_10/Ruby_Bank_Tech_Test/spec/account_spec.rb": {
        "lines": [
          null,
          null,
          1,
          null,
          1,
          1,
          1,
          1,
          1,
          null,
          null,
          1,
          1,
          1,
          1,
          null,
          null,
          1,
          1,
          1,
          1,
          null,
          null,
          1,
          1,
          1,
          1,
          null,
          null,
          1,
          1,
          1,
          1,
          1,
          1,
          1,
          null,
          null
        ]
      },
      "/Users/alexakearns/Projects/Week_10/Ruby_Bank_Tech_Test/lib/account.rb": {
        "lines": [
          null,
          null,
          1,
          1,
          1,
          1,
          9,
          9,
          null,
          null,
          1,
          10,
          10,
          10,
          null,
          null,
          1,
          6,
          6,
          6,
          null,
          null
        ]
      },
      "/Users/alexakearns/Projects/Week_10/Ruby_Bank_Tech_Test/spec/customer_spec.rb": {
        "lines": [
          null,
          null,
          1,
          null,
          1,
          1,
          1,
          1,
          1,
          null,
          null,
          1,
          1,
          1,
          null,
          1,
          1,
          null,
          null,
          1,
          1,
          1,
          1,
          1,
          null,
          null,
          null,
          null,
          null,
          null,
          null,
          null,
          null,
          null,
          null,
          null,
          null,
          null,
          null,
          null,
          null,
          null,
          null,
          1,
          0,
          0,
          0,
          null,
          null
        ]
      },
      "/Users/alexakearns/Projects/Week_10/Ruby_Bank_Tech_Test/lib/customer.rb": {
        "lines": [
          null,
          null,
          1,
          1,
          1,
          null,
          1,
          1,
          null,
          null,
          1,
          null,
          null,
          4,
          null,
          null,
          1,
          null,
          null,
          null,
          6,
          null,
          null,
          1,
          null,
          null,
          null,
          2,
          null,
          null,
          1,
          1,
          1,
          0,
          null,
          null
        ]
      },
      "/Users/alexakearns/Projects/Week_10/Ruby_Bank_Tech_Test/lib/transaction.rb": {
        "lines": [
          null,
          null,
          1,
          1,
          null,
          1,
          19,
          19,
          19,
          19,
          null,
          null,
          1,
          3,
          null,
          null,
          1,
          null,
          1,
          9,
          null,
          null
        ]
      },
      "/Users/alexakearns/Projects/Week_10/Ruby_Bank_Tech_Test/lib/printer.rb": {
        "lines": [
          null,
          null,
          1,
          null,
          1,
          1,
          null,
          1,
          2,
          null,
          null,
          1,
          1,
          1,
          null,
          null
        ]
      },
      "/Users/alexakearns/Projects/Week_10/Ruby_Bank_Tech_Test/spec/feature_spec.rb": {
        "lines": [
          null,
          null,
          1,
          null,
          1,
          1,
          1,
          1,
          1,
          null,
          1,
          null,
          1,
          1,
          null,
          1,
          1,
          null,
          1,
          1,
          null,
          1,
          1,
          1,
          1,
          null,
          2,
          0,
          0,
          0,
          null,
          null
        ]
      },
      "/Users/alexakearns/Projects/Week_10/Ruby_Bank_Tech_Test/spec/printer_spec.rb": {
        "lines": [
          null,
          null,
          1,
          null,
          1,
          null,
          1,
          1,
          1,
          1,
          2,
          null,
          null
        ]
      },
      "/Users/alexakearns/Projects/Week_10/Ruby_Bank_Tech_Test/spec/transaction_spec.rb": {
        "lines": [
          null,
          null,
          1,
          null,
          1,
          1,
          1,
          1,
          1,
          null,
          1,
          null,
          null,
          1,
          1,
          1,
          1,
          null,
          1,
          null,
          null,
          1,
          1,
          1,
          1,
          null,
          1,
          null,
          null
        ]
      }
    },
    "timestamp": 1590162502
  }
}
